<?xml version="1.0" encoding="UTF-8"?>
<testsuites name="jest tests" tests="32" failures="0" errors="0" time="25.039">
  <testsuite name="ArtistAddComponent" errors="0" failures="0" skipped="0" timestamp="2023-05-22T03:42:52" time="14.441" tests="5">
    <testcase classname="ArtistAddComponent should create" name="ArtistAddComponent should create" time="0.255">
    </testcase>
    <testcase classname="ArtistAddComponent should save" name="ArtistAddComponent should save" time="0.123">
    </testcase>
    <testcase classname="ArtistAddComponent should not save" name="ArtistAddComponent should not save" time="0.075">
    </testcase>
    <testcase classname="ArtistAddComponent should cancel" name="ArtistAddComponent should cancel" time="0.08">
    </testcase>
    <testcase classname="ArtistAddComponent should support Picture filters" name="ArtistAddComponent should support Picture filters" time="0.08">
    </testcase>
  </testsuite>
  <testsuite name="ArtistAddComponent" errors="0" failures="0" skipped="0" timestamp="2023-05-22T03:42:52" time="14.79" tests="9">
    <testcase classname="ArtistAddComponent should create" name="ArtistAddComponent should create" time="0.25">
    </testcase>
    <testcase classname="ArtistAddComponent should save" name="ArtistAddComponent should save" time="0.133">
    </testcase>
    <testcase classname="ArtistAddComponent should not save" name="ArtistAddComponent should not save" time="0.144">
    </testcase>
    <testcase classname="ArtistAddComponent should cancel" name="ArtistAddComponent should cancel" time="0.067">
    </testcase>
    <testcase classname="ArtistAddComponent should support Picture filters" name="ArtistAddComponent should support Picture filters" time="0.072">
    </testcase>
    <testcase classname="ArtistEditComponent should update" name="ArtistEditComponent should update" time="0.068">
    </testcase>
    <testcase classname="ArtistEditComponent should not update" name="ArtistEditComponent should not update" time="0.055">
    </testcase>
    <testcase classname="ArtistEditComponent should cancel" name="ArtistEditComponent should cancel" time="0.049">
    </testcase>
    <testcase classname="ArtistEditComponent should support Picture filters" name="ArtistEditComponent should support Picture filters" time="0.073">
    </testcase>
  </testsuite>
  <testsuite name="ArtistListFacade" errors="0" failures="0" skipped="0" timestamp="2023-05-22T03:42:52" time="20.451" tests="5">
    <testcase classname="ArtistListFacade used in NgModule loadEntities() should return a list of (1) with loading == false and httpClient.get is invoked" name="ArtistListFacade used in NgModule loadEntities() should return a list of (1) with loading == false and httpClient.get is invoked" time="0.153">
    </testcase>
    <testcase classname="ArtistListFacade used in NgModule reloadEntities() should return empty list with loaded == true" name="ArtistListFacade used in NgModule reloadEntities() should return empty list with loaded == true" time="0.026">
    </testcase>
    <testcase classname="ArtistListFacade used in NgModule it should get the grid state" name="ArtistListFacade used in NgModule it should get the grid state" time="0.027">
    </testcase>
    <testcase classname="ArtistListFacade used in NgModule gridData$ should return the loaded list; and loaded flag == true" name="ArtistListFacade used in NgModule gridData$ should return the loaded list; and loaded flag == true" time="0.009">
    </testcase>
    <testcase classname="ArtistListFacade used in NgModule it should handle DeleteItem" name="ArtistListFacade used in NgModule it should handle DeleteItem" time="0.01">
    </testcase>
  </testsuite>
  <testsuite name="ArtistsModule" errors="0" failures="0" skipped="0" timestamp="2023-05-22T03:42:52" time="20.519" tests="1">
    <testcase classname="ArtistsModule should create" name="ArtistsModule should create" time="0.09">
    </testcase>
  </testsuite>
  <testsuite name="ArtistCrudFacade" errors="0" failures="0" skipped="0" timestamp="2023-05-22T03:42:52" time="20.666" tests="6">
    <testcase classname="ArtistCrudFacade used in NgModule clearCurrentEntity() should set currentArtist to null" name="ArtistCrudFacade used in NgModule clearCurrentEntity() should set currentArtist to null" time="0.053">
    </testcase>
    <testcase classname="ArtistCrudFacade used in NgModule New Entity Set And Clear CurrentEntity" name="ArtistCrudFacade used in NgModule New Entity Set And Clear CurrentEntity" time="0.016">
    </testcase>
    <testcase classname="ArtistCrudFacade used in NgModule Existing Entity Set And Clear CurrentEntity" name="ArtistCrudFacade used in NgModule Existing Entity Set And Clear CurrentEntity" time="0.011">
    </testcase>
    <testcase classname="ArtistCrudFacade used in NgModule Save CurrentEntity" name="ArtistCrudFacade used in NgModule Save CurrentEntity" time="0.012">
    </testcase>
    <testcase classname="ArtistCrudFacade used in NgModule Update CurrentEntity" name="ArtistCrudFacade used in NgModule Update CurrentEntity" time="0.012">
    </testcase>
    <testcase classname="ArtistCrudFacade used in NgModule should load Pictures" name="ArtistCrudFacade used in NgModule should load Pictures" time="0.006">
    </testcase>
  </testsuite>
  <testsuite name="ArtistListComponent" errors="0" failures="0" skipped="0" timestamp="2023-05-22T03:42:52" time="20.858" tests="6">
    <testcase classname="ArtistListComponent it should create" name="ArtistListComponent it should create" time="0.461">
    </testcase>
    <testcase classname="ArtistListComponent it should handle DetailExpanded" name="ArtistListComponent it should handle DetailExpanded" time="0.031">
    </testcase>
    <testcase classname="ArtistListComponent it should handle reload" name="ArtistListComponent it should handle reload" time="0.035">
    </testcase>
    <testcase classname="ArtistListComponent it should handle AddItem" name="ArtistListComponent it should handle AddItem" time="0.047">
    </testcase>
    <testcase classname="ArtistListComponent it should handle EditItem" name="ArtistListComponent it should handle EditItem" time="0.048">
    </testcase>
    <testcase classname="ArtistListComponent it should handle DeleteItem" name="ArtistListComponent it should handle DeleteItem" time="0.029">
    </testcase>
  </testsuite>
</testsuites>